<?xml version="1.0" encoding="UTF-8"?>
<!-- Generated by org.testng.reporters.JUnitReportReporter -->
<testsuite hostname="DESKTOP-U61ILI3" failures="0" tests="3" name="yarago.testng.com.TestngOne" time="11.605" errors="0" timestamp="2023-12-26T11:54:15 IST" skipped="0">
  <testcase classname="yarago.testng.com.TestngOne" name="URL" time="11.567"/>
  <testcase classname="yarago.testng.com.TestngOne" name="three" time="0.002"/>
  <testcase classname="yarago.testng.com.TestngOne" name="two" time="0.036"/>
</testsuite> <!-- yarago.testng.com.TestngOne -->
