<?xml version="1.0" encoding="UTF-8"?>
<!-- Generated by org.testng.reporters.JUnitReportReporter -->
<testsuite hostname="DESKTOP-U61ILI3" failures="0" tests="1" name="yarago.testng.com.Demo" time="0.005" errors="0" timestamp="2023-12-26T11:54:15 IST" skipped="0">
  <testcase classname="yarago.testng.com.Demo" name="ex" time="0.005"/>
</testsuite> <!-- yarago.testng.com.Demo -->
