<?xml version="1.0" encoding="UTF-8"?>
<!-- Generated by org.testng.reporters.JUnitReportReporter -->
<testsuite hostname="DESKTOP-U61ILI3" failures="0" tests="1" name="array.com.Alert" time="12.880" errors="0" timestamp="2024-02-02T11:09:41 IST" skipped="0">
  <testcase classname="array.com.Alert" name="done" time="12.880"/>
  <system-out/>
</testsuite> <!-- array.com.Alert -->
