<?xml version="1.0" encoding="UTF-8"?>
<!-- Generated by org.testng.reporters.JUnitReportReporter -->
<testsuite hostname="DESKTOP-U61ILI3" failures="0" tests="1" name="Extends" time="9.883" errors="0" timestamp="2024-01-04T17:40:26 IST" skipped="0">
  <testcase classname="Extends" name="geturl" time="9.883"/>
  <system-out/>
</testsuite> <!-- Extends -->
